d:\1.universidad\sev\sev-plataformas\navesl4\debug\vc142.pdb
d:\1.universidad\sev\sev-plataformas\navesl4\debug\vc142.idb
d:\1.universidad\sev\sev-plataformas\navesl4\debug\tile.obj
d:\1.universidad\sev\sev-plataformas\navesl4\debug\text.obj
d:\1.universidad\sev\sev-plataformas\navesl4\debug\spawnerenemy.obj
d:\1.universidad\sev\sev-plataformas\navesl4\debug\space.obj
d:\1.universidad\sev\sev-plataformas\navesl4\debug\projectile.obj
d:\1.universidad\sev\sev-plataformas\navesl4\debug\player.obj
d:\1.universidad\sev\sev-plataformas\navesl4\debug\pad.obj
d:\1.universidad\sev\sev-plataformas\navesl4\debug\menulayer.obj
d:\1.universidad\sev\sev-plataformas\navesl4\debug\main.obj
d:\1.universidad\sev\sev-plataformas\navesl4\debug\layer.obj
d:\1.universidad\sev\sev-plataformas\navesl4\debug\gamelayer.obj
d:\1.universidad\sev\sev-plataformas\navesl4\debug\game.obj
d:\1.universidad\sev\sev-plataformas\navesl4\debug\enemy.obj
d:\1.universidad\sev\sev-plataformas\navesl4\debug\doortile.obj
d:\1.universidad\sev\sev-plataformas\navesl4\debug\background.obj
d:\1.universidad\sev\sev-plataformas\navesl4\debug\animation.obj
d:\1.universidad\sev\sev-plataformas\navesl4\debug\actor.obj
d:\1.universidad\sev\sev-plataformas\navesl4\debug\navesl4.tlog\cl.command.1.tlog
d:\1.universidad\sev\sev-plataformas\navesl4\debug\navesl4.tlog\cl.read.1.tlog
d:\1.universidad\sev\sev-plataformas\navesl4\debug\navesl4.tlog\cl.write.1.tlog
